<?xml version="1.0" encoding="UTF-8"?>
<testng-results ignored="0" total="1" passed="1" failed="0" skipped="0">
  <reporter-output>
  </reporter-output>
  <suite started-at="2019-02-04T11:30:18Z" name="Default suite" finished-at="2019-02-04T11:30:55Z" duration-ms="37179">
    <groups>
    </groups>
    <test started-at="2019-02-04T11:30:18Z" name="Default test" finished-at="2019-02-04T11:30:55Z" duration-ms="37179">
      <class name="seleniumTestng.NewTest">
        <test-method is-config="true" signature="beforeMethod()[pri:0, instance:seleniumTestng.NewTest@68e5eea7]" started-at="2019-02-04T11:30:18Z" name="beforeMethod" finished-at="2019-02-04T11:30:40Z" duration-ms="22271" status="PASS">
          <reporter-output>
          </reporter-output>
        </test-method> <!-- beforeMethod -->
        <test-method signature="main()[pri:0, instance:seleniumTestng.NewTest@68e5eea7]" started-at="2019-02-04T11:30:40Z" name="main" finished-at="2019-02-04T11:30:55Z" duration-ms="14679" status="PASS">
          <reporter-output>
          </reporter-output>
        </test-method> <!-- main -->
        <test-method is-config="true" signature="afterMethod()[pri:0, instance:seleniumTestng.NewTest@68e5eea7]" started-at="2019-02-04T11:30:55Z" name="afterMethod" finished-at="2019-02-04T11:30:55Z" duration-ms="166" status="PASS">
          <reporter-output>
          </reporter-output>
        </test-method> <!-- afterMethod -->
      </class> <!-- seleniumTestng.NewTest -->
    </test> <!-- Default test -->
  </suite> <!-- Default suite -->
</testng-results>
