<?xml version="1.0" encoding="UTF-8"?>
<!-- Generated by org.testng.reporters.JUnitXMLReporter -->
<testsuite hostname="vivek.corp.capgemini.com" ignored="0" name="testngTest" tests="4" failures="0" timestamp="28 Feb 2019 10:10:36 GMT" time="72.159" errors="0">
  <testcase name="login" time="8.247" classname="seleniumtest.Registration"/>
  <testcase name="slide" time="7.576" classname="seleniumtest.Slider"/>
  <testcase name="slide" time="7.557" classname="seleniumtest.Tab"/>
  <testcase name="Dynamic" time="7.04" classname="seleniumtest.Dynamic"/>
</testsuite> <!-- testngTest -->
