<?xml version="1.0" encoding="UTF-8"?>
<testng-results skipped="0" failed="0" ignored="0" total="2" passed="2">
  <reporter-output>
  </reporter-output>
  <suite name="Default suite" duration-ms="92689" started-at="2019-02-22T07:19:51Z" finished-at="2019-02-22T07:21:24Z">
    <groups>
    </groups>
    <test name="Default test" duration-ms="92689" started-at="2019-02-22T07:19:51Z" finished-at="2019-02-22T07:21:24Z">
      <class name="com.testhike.Conversation">
        <test-method status="PASS" signature="setUp()[pri:0, instance:com.testhike.Conversation@5bcab519]" name="setUp" is-config="true" duration-ms="14152" started-at="2019-02-22T07:19:52Z" finished-at="2019-02-22T07:20:06Z">
          <reporter-output>
          </reporter-output>
        </test-method> <!-- setUp -->
        <test-method status="PASS" signature="convo()[pri:0, instance:com.testhike.Conversation@5bcab519]" name="convo" duration-ms="3402" started-at="2019-02-22T07:20:06Z" finished-at="2019-02-22T07:20:09Z">
          <reporter-output>
          </reporter-output>
        </test-method> <!-- convo -->
        <test-method status="PASS" signature="hike_login()[pri:0, instance:com.testhike.Conversation@5bcab519]" name="hike_login" duration-ms="75074" started-at="2019-02-22T07:20:09Z" finished-at="2019-02-22T07:21:24Z">
          <reporter-output>
          </reporter-output>
        </test-method> <!-- hike_login -->
      </class> <!-- com.testhike.Conversation -->
    </test> <!-- Default test -->
  </suite> <!-- Default suite -->
</testng-results>
