<?xml version="1.0" encoding="UTF-8"?>
<testng-results skipped="0" failed="0" ignored="0" total="2" passed="2">
  <reporter-output>
  </reporter-output>
  <suite name="Test-Suite" duration-ms="93331" started-at="2019-02-25T12:30:55Z" finished-at="2019-02-25T12:32:28Z">
    <groups>
    </groups>
    <test name="Default test" duration-ms="93331" started-at="2019-02-25T12:30:55Z" finished-at="2019-02-25T12:32:28Z">
      <class name="com.testhike.Conversation">
        <test-method status="PASS" signature="setUp()[pri:0, instance:com.testhike.Conversation@72d818d1]" name="setUp" is-config="true" duration-ms="21584" started-at="2019-02-25T12:30:55Z" finished-at="2019-02-25T12:31:16Z">
          <reporter-output>
          </reporter-output>
        </test-method> <!-- setUp -->
        <test-method status="PASS" signature="tap()[pri:0, instance:com.testhike.Conversation@72d818d1]" name="tap" duration-ms="3868" started-at="2019-02-25T12:31:16Z" finished-at="2019-02-25T12:31:20Z">
          <reporter-output>
          </reporter-output>
        </test-method> <!-- tap -->
        <test-method status="PASS" signature="hike_login()[pri:0, instance:com.testhike.Conversation@72d818d1]" name="hike_login" duration-ms="67845" started-at="2019-02-25T12:31:20Z" finished-at="2019-02-25T12:32:28Z">
          <reporter-output>
          </reporter-output>
        </test-method> <!-- hike_login -->
      </class> <!-- com.testhike.Conversation -->
    </test> <!-- Default test -->
  </suite> <!-- Test-Suite -->
</testng-results>
