<?xml version="1.0" encoding="UTF-8"?>
<!-- Generated by org.testng.reporters.JUnitXMLReporter -->
<testsuite hostname="vivek.corp.capgemini.com" ignored="0" name="testngTest1" tests="13" failures="0" timestamp="28 Feb 2019 14:20:33 GMT" time="175.183" errors="0">
  <testcase name="slide" time="8.087" classname="seleniumtest.Slider"/>
  <testcase name="slide" time="7.735" classname="seleniumtest.Tab"/>
  <testcase name="Fun" time="7.057" classname="seleniumtest.ToolsTips"/>
  <testcase name="AccordionDef" time="10.315" classname="seleniumtest.WidgetAutocomplete"/>
  <testcase name="deffunctionality" time="7.591" classname="seleniumtest.Resizable"/>
  <testcase name="deffunctionality" time="7.166" classname="seleniumtest.Selectable"/>
  <testcase name="deffunctionality" time="7.104" classname="seleniumtest.Sortable"/>
  <testcase name="New" time="7.237" classname="seleniumtest.Window"/>
  <testcase name="AccordionDef" time="8.638" classname="seleniumtest.WidgetAccordion"/>
  <testcase name="Custom" time="7.296" classname="seleniumtest.ToolsTips"/>
  <testcase name="Multiple" time="16.614" classname="seleniumtest.WidgetAutocomplete"/>
  <testcase name="animate" time="7.421" classname="seleniumtest.Resizable"/>
  <testcase name="grid" time="7.084" classname="seleniumtest.Selectable"/>
</testsuite> <!-- testngTest1 -->
