<?xml version="1.0" encoding="UTF-8"?>
<!-- Generated by org.testng.reporters.JUnitXMLReporter -->
<testsuite hostname="din16004174.corp.capgemini.com" name="Login" tests="1" failures="1" timestamp="15 Feb 2019 09:32:18 GMT" time="33.118" errors="0">
  <testcase name="verify_LoginToFlipKart" time="7.047" classname="Basic.LoginWithParameter">
    <failure type="org.openqa.selenium.NoSuchElementException" message="An element could not be located on the page using the given search parameters.
For documentation on this error, please visit: http://seleniumhq.org/exceptions/no_such_element.html
Build info: version: &amp;apos;3.141.5&amp;apos;, revision: &amp;apos;d54ebd709a&amp;apos;, time: &amp;apos;2018-11-06T11:58:47&amp;apos;
System info: host: &amp;apos;din16004174.corp.capgemini.com&amp;apos;, ip: &amp;apos;fe80:0:0:0:8d3:e85a:f13e:e826%en0&amp;apos;, os.name: &amp;apos;Mac OS X&amp;apos;, os.arch: &amp;apos;x86_64&amp;apos;, os.version: &amp;apos;10.13.4&amp;apos;, java.version: &amp;apos;1.8.0_201&amp;apos;
Driver info: io.appium.java_client.android.AndroidDriver
Capabilities {appActivity: com.flipkart.android.activi..., appPackage: com.flipkart.android, databaseEnabled: false, desired: {appActivity: com.flipkart.android.activi..., appPackage: com.flipkart.android, deviceName: Samsung Galaxy on8, device_id: j8y18lte, newCommandTimeout: 12000, os_version: 8.0.0, platformName: android}, deviceManufacturer: samsung, deviceModel: SM-J810GF, deviceName: d7d3689f, deviceScreenSize: 720x1480, deviceUDID: d7d3689f, device_id: j8y18lte, javascriptEnabled: true, locationContextEnabled: false, networkConnectionEnabled: true, newCommandTimeout: 12000, os_version: 8.0.0, platform: LINUX, platformName: Android, platformVersion: 8.0.0, takesScreenshot: true, warnings: {}, webStorageEnabled: false}
Session ID: 32c4aecc-e1b2-4cbe-9b2b-33f6aa5a7d6d
*** Element info: {Using=id, value=com.google.android.gms:id/cancel}">
      <![CDATA[org.openqa.selenium.NoSuchElementException: An element could not be located on the page using the given search parameters.
For documentation on this error, please visit: http://seleniumhq.org/exceptions/no_such_element.html
Build info: version: '3.141.5', revision: 'd54ebd709a', time: '2018-11-06T11:58:47'
System info: host: 'din16004174.corp.capgemini.com', ip: 'fe80:0:0:0:8d3:e85a:f13e:e826%en0', os.name: 'Mac OS X', os.arch: 'x86_64', os.version: '10.13.4', java.version: '1.8.0_201'
Driver info: io.appium.java_client.android.AndroidDriver
Capabilities {appActivity: com.flipkart.android.activi..., appPackage: com.flipkart.android, databaseEnabled: false, desired: {appActivity: com.flipkart.android.activi..., appPackage: com.flipkart.android, deviceName: Samsung Galaxy on8, device_id: j8y18lte, newCommandTimeout: 12000, os_version: 8.0.0, platformName: android}, deviceManufacturer: samsung, deviceModel: SM-J810GF, deviceName: d7d3689f, deviceScreenSize: 720x1480, deviceUDID: d7d3689f, device_id: j8y18lte, javascriptEnabled: true, locationContextEnabled: false, networkConnectionEnabled: true, newCommandTimeout: 12000, os_version: 8.0.0, platform: LINUX, platformName: Android, platformVersion: 8.0.0, takesScreenshot: true, warnings: {}, webStorageEnabled: false}
Session ID: 32c4aecc-e1b2-4cbe-9b2b-33f6aa5a7d6d
*** Element info: {Using=id, value=com.google.android.gms:id/cancel}
	at org.openqa.selenium.remote.http.W3CHttpResponseCodec.createException(W3CHttpResponseCodec.java:187)
	at org.openqa.selenium.remote.http.W3CHttpResponseCodec.decode(W3CHttpResponseCodec.java:122)
	at org.openqa.selenium.remote.http.W3CHttpResponseCodec.decode(W3CHttpResponseCodec.java:49)
	at org.openqa.selenium.remote.HttpCommandExecutor.execute(HttpCommandExecutor.java:158)
	at io.appium.java_client.remote.AppiumCommandExecutor.execute(AppiumCommandExecutor.java:231)
	at org.openqa.selenium.remote.RemoteWebDriver.execute(RemoteWebDriver.java:552)
	at io.appium.java_client.DefaultGenericMobileDriver.execute(DefaultGenericMobileDriver.java:42)
	at io.appium.java_client.AppiumDriver.execute(AppiumDriver.java:1)
	at io.appium.java_client.android.AndroidDriver.execute(AndroidDriver.java:1)
	at org.openqa.selenium.remote.RemoteWebDriver.findElement(RemoteWebDriver.java:323)
	at io.appium.java_client.DefaultGenericMobileDriver.findElement(DefaultGenericMobileDriver.java:62)
	at io.appium.java_client.AppiumDriver.findElement(AppiumDriver.java:1)
	at io.appium.java_client.android.AndroidDriver.findElement(AndroidDriver.java:1)
	at org.openqa.selenium.remote.RemoteWebDriver.findElementById(RemoteWebDriver.java:372)
	at io.appium.java_client.DefaultGenericMobileDriver.findElementById(DefaultGenericMobileDriver.java:70)
	at io.appium.java_client.AppiumDriver.findElementById(AppiumDriver.java:1)
	at io.appium.java_client.android.AndroidDriver.findElementById(AndroidDriver.java:1)
	at org.openqa.selenium.By$ById.findElement(By.java:188)
	at org.openqa.selenium.remote.RemoteWebDriver.findElement(RemoteWebDriver.java:315)
	at io.appium.java_client.DefaultGenericMobileDriver.findElement(DefaultGenericMobileDriver.java:58)
	at io.appium.java_client.AppiumDriver.findElement(AppiumDriver.java:1)
	at io.appium.java_client.android.AndroidDriver.findElement(AndroidDriver.java:1)
	at Basic.LoginWithParameter.verify_LoginToFlipKart(LoginWithParameter.java:63)
... Removed 28 stack frames]]>
    </failure>
  </testcase> <!-- verify_LoginToFlipKart -->
</testsuite> <!-- Login -->
