<?xml version="1.0" encoding="UTF-8"?>
<!-- Generated by org.testng.reporters.JUnitXMLReporter -->
<testsuite hostname="vivek.corp.capgemini.com" ignored="0" name="Default test" tests="3" failures="0" timestamp="28 Feb 2019 14:17:29 GMT" time="43.74" errors="0">
  <testcase name="AccordionDef" time="7.781" classname="seleniumtest.WidgetAccordion"/>
  <testcase name="AccordionCus" time="8.402" classname="seleniumtest.WidgetAccordion"/>
  <testcase name="AccordionFill" time="7.797" classname="seleniumtest.WidgetAccordion"/>
</testsuite> <!-- Default test -->
